<?xml version="1.0" encoding="UTF-8"?>
<!-- Generated by org.testng.reporters.JUnitReportReporter -->
<testsuite hostname="sel-fd-vm1" name="runClasses.RSGINTTC1" tests="1" failures="0" timestamp="22 Nov 2017 14:42:30 GMT" time="1209.394" errors="0">
  <testcase name="landing_Page" time="1209.394" classname="runClasses.RSGINTTC1"/>
</testsuite> <!-- runClasses.RSGINTTC1 -->
