<?xml version="1.0" encoding="UTF-8"?>
<!-- Generated by org.testng.reporters.JUnitReportReporter -->
<testsuite hostname="sel-fd-vm1" name="runClasses.CTPQATC1" tests="1" failures="0" timestamp="23 Nov 2017 17:14:57 GMT" time="279.959" errors="0">
  <testcase name="landing_Page" time="279.959" classname="runClasses.CTPQATC1"/>
</testsuite> <!-- runClasses.CTPQATC1 -->
