<?xml version="1.0" encoding="UTF-8"?>
<!-- Generated by org.testng.reporters.JUnitReportReporter -->
<testsuite hostname="sel-fd-vm1" name="runClasses.RSGQATC1" tests="1" failures="0" timestamp="21 Nov 2017 10:44:24 GMT" time="560.526" errors="0">
  <testcase name="landing_Page" time="560.526" classname="runClasses.RSGQATC1"/>
</testsuite> <!-- runClasses.RSGQATC1 -->
